C51 COMPILER V9.60.7.0   DISPLAY                                                           02/26/2025 21:33:51 PAGE 1   


C51 COMPILER V9.60.7.0, COMPILATION OF MODULE DISPLAY
OBJECT MODULE PLACED IN .\Objects\display.obj
COMPILER INVOKED BY: C:\Keil_v5\C51\BIN\C51.EXE display.c OPTIMIZE(8,SPEED) BROWSE DEBUG OBJECTEXTEND PRINT(.\Listings\d
                    -isplay.lst) TABS(2) OBJECT(.\Objects\display.obj)

line level    source

   1          #include "display.h"
   2          
   3          uchar led[8] = {0, 0, 0, 0, 0, 0, 0, 0};
   4          uchar seg[8] = {0, 0, 0, 0, 0, 0, 0, 0};
   5          
   6          const uchar code letter[] = {                       //标准字库
   7              //   0    1    2    3    4    5    6    7    8    9    A    B    C    D    E    F
   8                  0x3F,0x06,0x5B,0x4F,0x66,0x6D,0x7D,0x07,0x7F,0x6F,0x77,0x7C,0x39,0x5E,0x79,0x71,
   9              //black  -     H    J    K    L    N    o   P    U     t    G    Q    r   M    y
  10                  0x00,0x40,0x76,0x1E,0x70,0x38,0x37,0x5C,0x73,0x3E,0x78,0x3d,0x67,0x50,0x37,0x6e,
  11                  0xBF,0x86,0xDB,0xCF,0xE6,0xED,0xFD,0x87,0xFF,0xEF,0x46};    //0. 1. 2. 3. 4. 5. 6. 7. 8. 9. -1
  12              
  13              
  14          void led_display()
  15          {
  16   1          static uchar i;
  17   1          static uchar last = 0xFF, tmp;
  18   1          bit state;
  19   1      
  20   1          state = led[i];
  21   1      
  22   1          if (state){
  23   2              tmp = tmp | (0x01 << i);
  24   2          }else{
  25   2              tmp = tmp & ~(0x01 << i);
  26   2          }
  27   1      
  28   1          if (last != tmp){
  29   2              P0 = ~tmp;
  30   2              batch(4);
  31   2              batch(0);
  32   2      
  33   2              last = tmp;
  34   2          }
  35   1      
  36   1          i = (i + 1) % 8;
  37   1      }
  38          
  39          void sandy(uchar i,bit state)
  40          {
  41   1          static uchar last = 0xFF, tmp;
  42   1      
  43   1          if (state){
  44   2              tmp = tmp | (0x01 << i);
  45   2          }else{
  46   2              tmp = tmp & ~(0x01 << i);
  47   2          }
  48   1      
  49   1          if (last != tmp){
  50   2              P0 = tmp;
  51   2              batch(5);
  52   2              batch(0);
  53   2      
  54   2              last = tmp;
C51 COMPILER V9.60.7.0   DISPLAY                                                           02/26/2025 21:33:51 PAGE 2   

  55   2          }
  56   1      }
  57          
  58          void seg_display()
  59          {
  60   1          static uchar i;
  61   1          P0 = 0xFF;
  62   1          batch(7);
  63   1          batch(0);
  64   1      
  65   1          P0 = 0x01 << i;
  66   1          batch(6);
  67   1          batch(0);
  68   1      
  69   1          P0 = ~letter[seg[i]];
  70   1          batch(7);
  71   1          batch(0);
  72   1      
  73   1          i = (i + 1) % 8;
  74   1      }


MODULE INFORMATION:   STATIC OVERLAYABLE
   CODE SIZE        =    202    ----
   CONSTANT SIZE    =     43    ----
   XDATA SIZE       =   ----    ----
   PDATA SIZE       =   ----    ----
   DATA SIZE        =     22    ----
   IDATA SIZE       =   ----    ----
   BIT SIZE         =   ----       2
END OF MODULE INFORMATION.


C51 COMPILATION COMPLETE.  0 WARNING(S),  0 ERROR(S)
