C51 COMPILER V9.60.7.0   MAIN                                                              01/19/2025 15:11:49 PAGE 1   


C51 COMPILER V9.60.7.0, COMPILATION OF MODULE MAIN
OBJECT MODULE PLACED IN .\Objects\main.obj
COMPILER INVOKED BY: C:\Keil_v5\C51\BIN\C51.EXE main.c OPTIMIZE(8,SPEED) BROWSE DEBUG OBJECTEXTEND PRINT(.\Listings\main
                    -.lst) TABS(2) OBJECT(.\Objects\main.obj)

line level    source

   1          #include <main.h>
   2          
   3          static bit led_on_flag, led_water_flag;
   4          static bit seg_clock_flag, seg_display_flag, seg_value_flag;
   5          
   6          void main()
   7          {
   8   1      
   9   1          init();
  10   1          while (1)
  11   1          {
  12   2              if (led_on_flag == 1)
  13   2              {
  14   3                  led_on();
  15   3                  led_on_flag = 0;
  16   3              }
  17   2      
  18   2              if (led_water_flag == 1)
  19   2              {
  20   3                  led_water();
  21   3                  led_water_flag = 0;
  22   3              }
  23   2              if (seg_clock_flag == 1)
  24   2              {
  25   3                  seg_clock();
  26   3                  seg_clock_flag = 0;
  27   3              }
  28   2              
  29   2              if (seg_display_flag == 1)
  30   2              {
  31   3                  seg_display();
  32   3                  seg_display_flag = 0;
  33   3              }
  34   2      
  35   2          }
  36   1      }
  37          
  38          
  39          void timer() interrupt 1
  40          {
  41   1          static uint i;
  42   1          i = i + 1;
  43   1          if (i % 1 == 0)
  44   1          {
  45   2              led_on_flag = 1;
  46   2              seg_display_flag = 1;
  47   2          }
  48   1          if (i % 100 == 0)
  49   1          {
  50   2              led_water_flag = 1;
  51   2          }
  52   1          if(i % 1000 == 0)
  53   1          {
  54   2              seg_clock_flag = 1;
C51 COMPILER V9.60.7.0   MAIN                                                              01/19/2025 15:11:49 PAGE 2   

  55   2          }
  56   1      
  57   1      
  58   1          i = i % 3000;
  59   1      }
  60          
  61          


MODULE INFORMATION:   STATIC OVERLAYABLE
   CODE SIZE        =    148    ----
   CONSTANT SIZE    =   ----    ----
   XDATA SIZE       =   ----    ----
   PDATA SIZE       =   ----    ----
   DATA SIZE        =      2    ----
   IDATA SIZE       =   ----    ----
   BIT SIZE         =      5    ----
END OF MODULE INFORMATION.


C51 COMPILATION COMPLETE.  0 WARNING(S),  0 ERROR(S)
