C51 COMPILER V9.60.7.0   BOOT                                                              01/20/2025 19:10:22 PAGE 1   


C51 COMPILER V9.60.7.0, COMPILATION OF MODULE BOOT
OBJECT MODULE PLACED IN .\Objects\boot.obj
COMPILER INVOKED BY: C:\Keil_v5\C51\BIN\C51.EXE boot.c OPTIMIZE(8,SPEED) BROWSE DEBUG OBJECTEXTEND PRINT(.\Listings\boot
                    -.lst) TABS(2) OBJECT(.\Objects\boot.obj)

line level    source

   1          #include "boot.h"
   2          
   3          void boot_init()
   4          {
   5   1          P0M0 = 0x00; P0M1 = 0x00;
   6   1          P1M0 = 0x00; P1M1 = 0x00;
   7   1          P2M0 = 0x00; P2M1 = 0x00;
   8   1          P3M0 = 0x00; P3M1 = 0x00; // 修正了这里的赋值操作符
   9   1          P4M0 = 0x00; P4M1 = 0x00;
  10   1          P5M0 = 0x00; P5M1 = 0x00;
  11   1          P6M0 = 0x00; P6M1 = 0x00;
  12   1          P7M0 = 0x00; P7M1 = 0x00;
  13   1      
  14   1          P0 = 0x00;
  15   1          batch(4);
  16   1          batch(0);
  17   1      
  18   1          Timer0Init();
  19   1      }
  20          
  21          void batch(uchar i)
  22          {
  23   1          switch(i)
  24   1          {
  25   2              case 0:{P2 = P2 & 0x1F;break;}
  26   2              case 1:{P2 = (P2 & 0x1F) | 0x20;break;}
  27   2              case 2:{P2 = (P2 & 0x1F) | 0x40;break;}
  28   2              case 3:{P2 = (P2 & 0x1F) | 0x60;break;}
  29   2              case 4:{P2 = (P2 & 0x1F) | 0x80;break;}
  30   2              case 5:{P2 = (P2 & 0x1F) | 0xA0;break;}
  31   2              case 6:{P2 = (P2 & 0x1F) | 0xC0;break;}
  32   2              case 7:{P2 = (P2 & 0x1F) | 0xE0;break;}
  33   2          }    
  34   1      }
  35          
  36          void Timer0Init(void)   //1毫秒@12.000MHz
  37          {
  38   1        AUXR &= 0x7F;   //定时器时钟12T模式
  39   1        TMOD &= 0xF0;   //设置定时器模式
  40   1        TL0 = 0x18;   //设置定时初值
  41   1        TH0 = 0xFC;   //设置定时初值
  42   1        TF0 = 0;    //清除TF0标志
  43   1        TR0 = 1;    //定时器0开始计时
  44   1          ET0 = 1;
  45   1          EA = 1;
  46   1      }


MODULE INFORMATION:   STATIC OVERLAYABLE
   CODE SIZE        =    173    ----
   CONSTANT SIZE    =   ----    ----
   XDATA SIZE       =   ----    ----
   PDATA SIZE       =   ----    ----
   DATA SIZE        =   ----    ----
C51 COMPILER V9.60.7.0   BOOT                                                              01/20/2025 19:10:22 PAGE 2   

   IDATA SIZE       =   ----    ----
   BIT SIZE         =   ----    ----
END OF MODULE INFORMATION.


C51 COMPILATION COMPLETE.  0 WARNING(S),  0 ERROR(S)
