C51 COMPILER V9.60.7.0   LED                                                               03/09/2025 15:19:51 PAGE 1   


C51 COMPILER V9.60.7.0, COMPILATION OF MODULE LED
OBJECT MODULE PLACED IN .\Objects\led.obj
COMPILER INVOKED BY: C:\Keil_v5\C51\BIN\C51.EXE led.c OPTIMIZE(8,SPEED) BROWSE DEBUG OBJECTEXTEND PRINT(.\Listings\led.l
                    -st) TABS(2) OBJECT(.\Objects\led.obj)

line level    source

   1          #include "led.h"
   2          
   3          void led(uchar i, bit state)
   4          {
   5   1          static uchar led_tmp = 0x00;
   6   1          static uchar led_last = 0xFF;
   7   1      
   8   1          if(state == 1)
   9   1          {
  10   2              led_tmp = led_tmp | (0x01 << i);
  11   2          }
  12   1          else
  13   1          {
  14   2              led_tmp = led_tmp & ~(0x01 << i);
  15   2          }
  16   1      
  17   1          if(led_tmp != led_last) // 修正了这里的条件
  18   1          {
  19   2              P0 = ~led_tmp;
  20   2              batch(4);
  21   2              batch(0);
  22   2      
  23   2              led_last = led_tmp;
  24   2          }
  25   1      }
  26          
  27          // 定义 led_array 变量
  28          uchar led_array[8] = {0, 0, 0, 0, 0, 0, 0, 0};
  29          
  30          void led_display()
  31          {
  32   1          static uchar i;
  33   1          led(i,led_array[i]);
  34   1          i = (i + 1) % 8;
  35   1      }
  36          
  37          void led_water()
  38          {
  39   1          static uchar i;
  40   1          static bit towards;
  41   1      
  42   1          if(towards == 1)
  43   1          {
  44   2              led_array[i] = 1;
  45   2              i++;
  46   2              if(i == 8)
  47   2              {
  48   3                  i = 7;
  49   3                  towards = 0;
  50   3              }
  51   2          }
  52   1          else
  53   1          {
  54   2              led_array[i] = 0;
C51 COMPILER V9.60.7.0   LED                                                               03/09/2025 15:19:51 PAGE 2   

  55   2              if(i == 0) 
  56   2              {
  57   3                  towards = 1;
  58   3              }
  59   2              else
  60   2              {
  61   3                  i--;
  62   3              }
  63   2          }
  64   1      }


MODULE INFORMATION:   STATIC OVERLAYABLE
   CODE SIZE        =    120    ----
   CONSTANT SIZE    =   ----    ----
   XDATA SIZE       =   ----    ----
   PDATA SIZE       =   ----    ----
   DATA SIZE        =     12    ----
   IDATA SIZE       =   ----    ----
   BIT SIZE         =      1       1
END OF MODULE INFORMATION.


C51 COMPILATION COMPLETE.  0 WARNING(S),  0 ERROR(S)
