C51 COMPILER V9.60.7.0   MAIN                                                              01/20/2025 19:10:22 PAGE 1   


C51 COMPILER V9.60.7.0, COMPILATION OF MODULE MAIN
OBJECT MODULE PLACED IN .\Objects\main.obj
COMPILER INVOKED BY: C:\Keil_v5\C51\BIN\C51.EXE main.c OPTIMIZE(8,SPEED) BROWSE DEBUG OBJECTEXTEND PRINT(.\Listings\main
                    -.lst) TABS(2) OBJECT(.\Objects\main.obj)

line level    source

   1          
   2          
   3          #include "main.h"
   4          
   5          bit led_display_mark, seg_display_mark;
   6          bit led_water_mark, seg_clock_mark;
   7          
   8          void timer() interrupt 1
   9          {
  10   1          static uint i;
  11   1          i++;
  12   1          if(i % 1 == 0)
  13   1          {
  14   2              
  15   2              seg_display_mark = 1;
  16   2          }
  17   1      
  18   1          if (i % 3 == 0)
  19   1          {
  20   2              led_display_mark = 1;
  21   2          }
  22   1      
  23   1          
  24   1          if (i % 1000 == 0)
  25   1          {
  26   2              seg_clock_mark = 1;
  27   2          }
  28   1          i %= 3000;
  29   1      }
  30          
  31          void main()
  32          {
  33   1          boot_init();
  34   1          while(1)
  35   1          {
  36   2              if (led_display_mark)
  37   2              {
  38   3                  led_display();
  39   3                  led_display_mark = 0;
  40   3              }
  41   2      
  42   2              if (seg_display_mark)
  43   2              {
  44   3                  seg_display();
  45   3                  seg_display_mark = 0;
  46   3              }
  47   2      
  48   2              if (led_water_mark)
  49   2              {
  50   3                  led_water();
  51   3                  led_water_mark = 0;
  52   3              }
  53   2      
  54   2              if (seg_clock_mark)
C51 COMPILER V9.60.7.0   MAIN                                                              01/20/2025 19:10:22 PAGE 2   

  55   2              {
  56   3                  uchar j = seg_clock();
  57   3                  seg_clock_mark  = 0;
  58   3                  if (j)
  59   3                  {
  60   4                      led_water_mark = 1;
  61   4                  }
  62   3              }
  63   2          }
  64   1      }


MODULE INFORMATION:   STATIC OVERLAYABLE
   CODE SIZE        =    154    ----
   CONSTANT SIZE    =   ----    ----
   XDATA SIZE       =   ----    ----
   PDATA SIZE       =   ----    ----
   DATA SIZE        =      2       1
   IDATA SIZE       =   ----    ----
   BIT SIZE         =      4    ----
END OF MODULE INFORMATION.


C51 COMPILATION COMPLETE.  0 WARNING(S),  0 ERROR(S)
