C51 COMPILER V9.60.7.0   LED                                                               01/19/2025 15:11:49 PAGE 1   


C51 COMPILER V9.60.7.0, COMPILATION OF MODULE LED
OBJECT MODULE PLACED IN .\Objects\led.obj
COMPILER INVOKED BY: C:\Keil_v5\C51\BIN\C51.EXE led.c OPTIMIZE(8,SPEED) BROWSE DEBUG OBJECTEXTEND PRINT(.\Listings\led.l
                    -st) TABS(2) OBJECT(.\Objects\led.obj)

line level    source

   1          
   2          
   3          #include "led.h"
   4          uchar led_value[] = {0,0,0,0,0,0,0,0};
   5          
   6          void led(uchar i,bit state)
   7          {
   8   1          static uchar led_tmp = 0x00;
   9   1          static uchar led_last;
  10   1      
  11   1          if(1 == state){
  12   2              led_tmp = led_tmp | (0x01 << i);
  13   2          }
  14   1          else{
  15   2              led_tmp = led_tmp & ~(0x01 << i);
  16   2          }
  17   1      
  18   1          if (led_tmp != led_last)
  19   1          {
  20   2              P0 = ~led_tmp;
  21   2              batch(4);
  22   2              batch(0);
  23   2      
  24   2              led_last = led_tmp;
  25   2          }
  26   1      
  27   1      }
  28          
  29          void led_water()
  30          {
  31   1          static uchar i;
  32   1          static uchar towards;
  33   1      
  34   1          if (1 == towards)
  35   1          {
  36   2              led_value[i] = 1;
  37   2              i = i + 1;
  38   2      
  39   2              if(i == 8)
  40   2              {
  41   3                  i = 7;
  42   3                  towards = 0;
  43   3              }
  44   2          }
  45   1      
  46   1          else
  47   1          {
  48   2              led_value[i] = 0;
  49   2              i = i - 1;
  50   2              if (i == -1)
  51   2              {
  52   3                  i = 0;
  53   3                  towards = 1;
  54   3              }
C51 COMPILER V9.60.7.0   LED                                                               01/19/2025 15:11:49 PAGE 2   

  55   2          }
  56   1      }
  57          
  58          void led_on()
  59          {
  60   1          static uchar i;
  61   1          led(i,led_value[i]);
  62   1          batch(4);
  63   1          batch(0);
  64   1          i = i + 1;
  65   1          i = i % 8;
  66   1      }


MODULE INFORMATION:   STATIC OVERLAYABLE
   CODE SIZE        =    135    ----
   CONSTANT SIZE    =   ----    ----
   XDATA SIZE       =   ----    ----
   PDATA SIZE       =   ----    ----
   DATA SIZE        =     13    ----
   IDATA SIZE       =   ----    ----
   BIT SIZE         =   ----       1
END OF MODULE INFORMATION.


C51 COMPILATION COMPLETE.  0 WARNING(S),  0 ERROR(S)
