C51 COMPILER V9.60.7.0   SEG                                                               02/21/2025 14:42:13 PAGE 1   


C51 COMPILER V9.60.7.0, COMPILATION OF MODULE SEG
OBJECT MODULE PLACED IN .\Objects\seg.obj
COMPILER INVOKED BY: C:\Keil_v5\C51\BIN\C51.EXE seg.c OPTIMIZE(8,SPEED) BROWSE DEBUG OBJECTEXTEND PRINT(.\Listings\seg.l
                    -st) TABS(2) OBJECT(.\Objects\seg.obj)

line level    source

   1          #include "seg.h"
   2          
   3          const uchar letter[] = {                       
   4          //   0    1    2    3    4    5    6    7    8    9    A    B    C    D    E    F
   5              0x3F,0x06,0x5B,0x4F,0x66,0x6D,0x7D,0x07,0x7F,0x6F,0x77,0x7C,0x39,0x5E,0x79,0x71,
   6          //black  -     H    J    K    L    N    o   P    U     t    G    Q    r   M    y
   7              0x00,0x40,0x76,0x1E,0x70,0x38,0x37,0x5C,0x73,0x3E,0x78,0x3d,0x67,0x50,0x37,0x6e,
   8              0xBF,0x86,0xDB,0xCF,0xE6,0xED,0xFD,0x87,0xFF,0xEF,0x46};
   9          
  10          // 定义 seg_array 变量
  11          uchar seg[8] = {0, 0, 0, 0, 0, 0, 0, 0};
  12          uchar point[8] = {0, 0, 0, 0, 0, 0, 0, 0};
  13          
  14          void seg_display()
  15          {
  16   1          static uchar i;
  17   1      
  18   1          P0 = ~0x00;
  19   1          batch(7);
  20   1          batch(0);
  21   1      
  22   1          
  23   1      
  24   1          P0 = 0x01 << i;
  25   1          batch(6);
  26   1          batch(0);
  27   1      
  28   1          P0 = ~letter[seg[i]];
  29   1          if (point[i])
  30   1          {
  31   2              P0 = P0 & 0x7F;
  32   2          }
  33   1          batch(7);
  34   1          batch(0);
  35   1      
  36   1      
  37   1          i = (i + 1) % 8;
  38   1      }
  39          


MODULE INFORMATION:   STATIC OVERLAYABLE
   CODE SIZE        =     80    ----
   CONSTANT SIZE    =   ----    ----
   XDATA SIZE       =   ----    ----
   PDATA SIZE       =   ----    ----
   DATA SIZE        =     60    ----
   IDATA SIZE       =   ----    ----
   BIT SIZE         =   ----    ----
END OF MODULE INFORMATION.


C51 COMPILATION COMPLETE.  0 WARNING(S),  0 ERROR(S)
