C51 COMPILER V9.60.7.0   MAIN                                                              02/20/2025 18:44:19 PAGE 1   


C51 COMPILER V9.60.7.0, COMPILATION OF MODULE MAIN
OBJECT MODULE PLACED IN .\Objects\main.obj
COMPILER INVOKED BY: C:\Keil_v5\C51\BIN\C51.EXE main.c OPTIMIZE(8,SPEED) BROWSE DEBUG OBJECTEXTEND PRINT(.\Listings\main
                    -.lst) TABS(2) OBJECT(.\Objects\main.obj)

line level    source

   1          
   2          #include "main.h"
   3          
   4          
   5          
   6          extern uchar seg[8];
   7          
   8          
   9          uint count, freq;
  10          
  11          
  12          
  13          
  14          
  15          void Timer0_Isr(void) interrupt 1
  16          {
  17   1          count++;
  18   1      
  19   1      }
  20          
  21          void timer_3() interrupt 3
  22          {
  23   1          static uint i;
  24   1          i = (i + 1) % 8000;
  25   1          
  26   1          if (i % 1000 == 0)
  27   1          {
  28   2              freq = count;
  29   2              count = 0;
  30   2      
  31   2           
  32   2              seg[0] = 16;
  33   2              seg[1] = 16;
  34   2              seg[2] = 16;
  35   2              seg[3] = freq / 10000 % 10;
  36   2              seg[4] = freq / 1000 % 10;
  37   2              seg[5] = freq / 100 % 10;
  38   2              seg[6] = freq / 10 % 10;
  39   2              seg[7] = freq % 10;
  40   2      
  41   2              freq = 0;
  42   2          }
  43   1      
  44   1          if (i % 1 == 0)
  45   1          {
  46   2          seg_display();
  47   2        }
  48   1      }
  49          
  50          
  51          
  52          void main()
  53          {
  54   1          boot_init();
C51 COMPILER V9.60.7.0   MAIN                                                              02/20/2025 18:44:19 PAGE 2   

  55   1      
  56   1          while (1)
  57   1          {
  58   2              
  59   2          }
  60   1      }


MODULE INFORMATION:   STATIC OVERLAYABLE
   CODE SIZE        =    245    ----
   CONSTANT SIZE    =   ----    ----
   XDATA SIZE       =   ----    ----
   PDATA SIZE       =   ----    ----
   DATA SIZE        =      6    ----
   IDATA SIZE       =   ----    ----
   BIT SIZE         =   ----    ----
END OF MODULE INFORMATION.


C51 COMPILATION COMPLETE.  0 WARNING(S),  0 ERROR(S)
