C51 COMPILER V9.60.7.0   BOOT                                                              03/08/2025 16:42:22 PAGE 1   


C51 COMPILER V9.60.7.0, COMPILATION OF MODULE BOOT
OBJECT MODULE PLACED IN .\Objects\boot.obj
COMPILER INVOKED BY: C:\Keil_v5\C51\BIN\C51.EXE boot.c OPTIMIZE(8,SPEED) BROWSE DEBUG OBJECTEXTEND PRINT(.\Listings\boot
                    -.lst) TABS(2) OBJECT(.\Objects\boot.obj)

line level    source

   1          #include "boot.h"
   2          
   3          void boot_init()
   4          {
   5   1          P0M0 = 0x00; P0M1 = 0x00; 
   6   1          P1M0 = 0x00; P1M1 = 0x00; 
   7   1          P2M0 = 0x00; P2M1 = 0x00; 
   8   1          P3M0 = 0x00; P3M1 = 0x00; 
   9   1          P4M0 = 0x00; P4M1 = 0x00; 
  10   1          P5M0 = 0x00; P5M1 = 0x00; 
  11   1          P6M0 = 0x00; P6M1 = 0x00; 
  12   1          P7M0 = 0x00; P7M1 = 0x00; 
  13   1      
  14   1          P0 = 0xFF;
  15   1          batch(4);
  16   1          batch(0);
  17   1      
  18   1          P0 = 0xFF;
  19   1          batch(7);
  20   1          batch(0);
  21   1      
  22   1          batch(6);
  23   1          batch(0);
  24   1          
  25   1          P0 = 0xAF;
  26   1          batch(5);
  27   1          batch(0);
  28   1      }
  29          
  30          void batch(uchar i)
  31          {
  32   1          switch (i)
  33   1          {
  34   2              case 4: P2 = (P2 & 0x0F) | 0x80; break;
  35   2              case 5: P2 = (P2 & 0x0F) | 0xA0; break;
  36   2              case 6: P2 = (P2 & 0x0F) | 0xC0; break;
  37   2              case 7: P2 = (P2 & 0x0F) | 0xE0; break;
  38   2          }
  39   1      }


MODULE INFORMATION:   STATIC OVERLAYABLE
   CODE SIZE        =    133    ----
   CONSTANT SIZE    =   ----    ----
   XDATA SIZE       =   ----    ----
   PDATA SIZE       =   ----    ----
   DATA SIZE        =   ----    ----
   IDATA SIZE       =   ----    ----
   BIT SIZE         =   ----    ----
END OF MODULE INFORMATION.


C51 COMPILATION COMPLETE.  0 WARNING(S),  0 ERROR(S)
