C51 COMPILER V9.60.7.0   DISPLAY                                                           02/24/2025 20:57:13 PAGE 1   


C51 COMPILER V9.60.7.0, COMPILATION OF MODULE DISPLAY
OBJECT MODULE PLACED IN .\Objects\display.obj
COMPILER INVOKED BY: C:\Keil_v5\C51\BIN\C51.EXE display.c OPTIMIZE(8,SPEED) BROWSE DEBUG OBJECTEXTEND PRINT(.\Listings\d
                    -isplay.lst) TABS(2) OBJECT(.\Objects\display.obj)

line level    source

   1          #include "display.h"
   2          
   3          uchar led[8] = {0, 0, 0, 0, 0, 0, 0, 0};
   4          uchar seg[8] = {0, 0, 0, 0, 0, 0, 0, 0};
   5          
   6          const uchar code letter[] = {                       //标准字库
   7          //   0    1    2    3    4    5    6    7    8    9    A    B    C    D    E    F
   8              0x3F,0x06,0x5B,0x4F,0x66,0x6D,0x7D,0x07,0x7F,0x6F,0x77,0x7C,0x39,0x5E,0x79,0x71,
   9          //black  -     H    J    K    L    N    o   P    U     t    G    Q    r   M    y
  10              0x00,0x40,0x76,0x1E,0x70,0x38,0x37,0x5C,0x73,0x3E,0x78,0x3d,0x67,0x50,0x37,0x6e,
  11              0xBF,0x86,0xDB,0xCF,0xE6,0xED,0xFD,0x87,0xFF,0xEF,0x46};    //0. 1. 2. 3. 4. 5. 6. 7. 8. 9. -1
  12          
  13          
  14          void led_display()
  15          {
  16   1          static uchar i;
  17   1      
  18   1          control(i, led[i], 4);
  19   1      
  20   1          i = (i + 1) % 8;
  21   1      }
  22          
  23          void sandy(uchar i,bit state)
  24          {
  25   1          control(i, state, 5);
  26   1      }
  27          
  28          void control(uchar i,bit state,uchar j)
  29          {
  30   1          static uchar last, tmp = 0xFF;
  31   1      
  32   1          if (state)
  33   1          {
  34   2              tmp = tmp | (0x01 << i);
  35   2          }
  36   1          else
  37   1          {
  38   2              tmp = tmp & ~(0x01 << i);
  39   2          }
  40   1      
  41   1          if (tmp != last)
  42   1          {
  43   2              P0 = ~tmp;
  44   2      
  45   2              batch(j);
  46   2              batch(0);
  47   2      
  48   2              last = tmp;
  49   2          }
  50   1      }
  51          
  52          
  53          void seg_display()
  54          {
C51 COMPILER V9.60.7.0   DISPLAY                                                           02/24/2025 20:57:13 PAGE 2   

  55   1          static uchar i;
  56   1      
  57   1          P0 = 0xFF;
  58   1          batch(7);
  59   1          batch(0);
  60   1      
  61   1          P0 = 0x01 << i;
  62   1          batch(6);
  63   1          batch(0);
  64   1      
  65   1          P0 = ~letter[seg[i]];
  66   1          batch(7);
  67   1          batch(0);
  68   1      
  69   1          i = (i + 1) % 8;
  70   1      }
  71          
  72          
  73          
  74          


MODULE INFORMATION:   STATIC OVERLAYABLE
   CODE SIZE        =    162    ----
   CONSTANT SIZE    =     43    ----
   XDATA SIZE       =   ----    ----
   PDATA SIZE       =   ----    ----
   DATA SIZE        =     20       2
   IDATA SIZE       =   ----    ----
   BIT SIZE         =   ----       2
END OF MODULE INFORMATION.


C51 COMPILATION COMPLETE.  0 WARNING(S),  0 ERROR(S)
