C51 COMPILER V9.60.7.0   KEY                                                               02/24/2025 20:57:13 PAGE 1   


C51 COMPILER V9.60.7.0, COMPILATION OF MODULE KEY
OBJECT MODULE PLACED IN .\Objects\key.obj
COMPILER INVOKED BY: C:\Keil_v5\C51\BIN\C51.EXE key.c OPTIMIZE(8,SPEED) BROWSE DEBUG OBJECTEXTEND PRINT(.\Listings\key.l
                    -st) TABS(2) OBJECT(.\Objects\key.obj)

line level    source

   1          #include "key.h"
   2          
   3          
   4          uchar key_scan()
   5          {
   6   1          static uchar value, state, i;
   7   1          uchar press = 0xFF, tmp = 99;
   8   1          
   9   1          P3 = 0x0F;
  10   1          P42 = 0; P44 = 0;
  11   1          P36 = P42; P37 = P44;
  12   1      
  13   1          press = P3 & 0x0F;
  14   1      
  15   1          switch (state)
  16   1          {
  17   2              case 0:
  18   2              {
  19   3                  if (press != 0x0F)
  20   3                  {
  21   4                      state = 1;
  22   4                  }
  23   3              }
  24   2              break;
  25   2      
  26   2              case 1:
  27   2              {
  28   3                  if (press == 0x0F)
  29   3                  {
  30   4                      state = 0;
  31   4                  }
  32   3                  else
  33   3                  {
  34   4                      P3 = press | 0xF0;
  35   4                      P42 = 1; P44 = 1;
  36   4                      P36 = P42; P37 = P44;
  37   4      
  38   4                      press = P3;
  39   4                      state = 2;
  40   4      
  41   4                      switch (press)
  42   4                      {
  43   5                          case 0x77: {value = 4; break; }
  44   5                          case 0x7b: {value = 5; break; }
  45   5                          case 0x7d: {value = 6; break; }
  46   5                          case 0x7e: {value = 7; break; }
  47   5                      }
  48   4                  }
  49   3              }
  50   2              break;
  51   2      
  52   2              case 2:
  53   2              {
  54   3                  if (press != 0x0F)
C51 COMPILER V9.60.7.0   KEY                                                               02/24/2025 20:57:13 PAGE 2   

  55   3                  {
  56   4                      i = (i + 1) % 255;
  57   4                      if (i >= 100)
  58   4                      {
  59   5                          i = 0;
  60   5                          state = 3;
  61   5                      }
  62   4                  }
  63   3                  else
  64   3                  {
  65   4                      i = 0;
  66   4                      tmp = value;
  67   4                      value = 0;
  68   4                      state = 0;
  69   4                  }
  70   3              }
  71   2              break;
  72   2      
  73   2              case 3:
  74   2              {
  75   3                  if (press == 0x0F)
  76   3                  {
  77   4                      tmp = value + 20;
  78   4                      value = 0;
  79   4                      state = 0;
  80   4                  }
  81   3              }
  82   2              break;
  83   2      
  84   2              
  85   2          }
  86   1          
  87   1        return tmp;
  88   1      }


MODULE INFORMATION:   STATIC OVERLAYABLE
   CODE SIZE        =    199    ----
   CONSTANT SIZE    =   ----    ----
   XDATA SIZE       =   ----    ----
   PDATA SIZE       =   ----    ----
   DATA SIZE        =      3       2
   IDATA SIZE       =   ----    ----
   BIT SIZE         =   ----    ----
END OF MODULE INFORMATION.


C51 COMPILATION COMPLETE.  0 WARNING(S),  0 ERROR(S)
