C51 COMPILER V9.60.7.0   SONIC                                                             02/24/2025 20:57:13 PAGE 1   


C51 COMPILER V9.60.7.0, COMPILATION OF MODULE SONIC
OBJECT MODULE PLACED IN .\Objects\sonic.obj
COMPILER INVOKED BY: C:\Keil_v5\C51\BIN\C51.EXE sonic.c OPTIMIZE(8,SPEED) BROWSE DEBUG OBJECTEXTEND PRINT(.\Listings\son
                    -ic.lst) TABS(2) OBJECT(.\Objects\sonic.obj)

line level    source

   1          #include "sonic.h"
*** WARNING C318 IN LINE 1 OF sonic.c: can't open file 'sonic.h'
   2          
   3          sbit tx = P1^0;
*** ERROR C202 IN LINE 3 OF sonic.c: 'P1': undefined identifier
   4          sbit rx = P1^1;
*** ERROR C202 IN LINE 4 OF sonic.c: 'P1': undefined identifier
   5          
   6          void sonic_send()
   7          {
   8   1          uchar i;
*** ERROR C202 IN LINE 8 OF sonic.c: 'uchar': undefined identifier
*** ERROR C141 IN LINE 8 OF sonic.c: syntax error near 'i', expected ';'
   9   1          for (i = 0;i < 8;i++)
*** ERROR C202 IN LINE 9 OF sonic.c: 'i': undefined identifier
  10   1          {
  11   2              tx = 1;
*** ERROR C202 IN LINE 11 OF sonic.c: 'tx': undefined identifier
  12   2              delay14us();
  13   2              tx = 0;
  14   2              delay14us();
  15   2          }
  16   1      }
  17          
  18          
  19          uint sonic_measure()
  20          {
  21              uint distance;
  22          
  23              sonic_send();
  24          
  25              TH0 = 0x00; TL0 = 0x00;
  26              TR0 = 0;
  27              TF0 = 1;
  28          
  29              while (rx == 0);
  30              TR0 = 1;
  31          
  32              while (rx == 1 && TF0 == 0);
  33              TR0 = 0;
  34          
  35              if (TF0)
  36              {
  37                  distance = 999;
  38                  TF0 = 0;
  39              }
  40              else
  41              {
  42                  distance = (uint) ( (TH0 << 8) | TL0 ) * 0.017;
  43              }
  44          
  45              return distance;
  46          }

C51 COMPILATION COMPLETE.  1 WARNING(S),  6 ERROR(S)
